<?xml version="1.0" encoding="UTF-8"?>
<testng-results total="1" passed="1" failed="0" skipped="0">
  <reporter-output>
  </reporter-output>
  <suite started-at="2021-02-10T22:03:20Z" name="Default suite" finished-at="2021-02-10T22:03:31Z" duration-ms="10591">
    <groups>
    </groups>
    <test started-at="2021-02-10T22:03:20Z" name="Default test" finished-at="2021-02-10T22:03:31Z" duration-ms="10591">
      <class name="com.hrms.tests.LoginByExell">
        <test-method is-config="true" signature="setUp()[pri:0, instance:com.hrms.tests.LoginByExell@4b5189ac]" started-at="2021-02-10T17:03:20Z" name="setUp" finished-at="2021-02-10T17:03:24Z" duration-ms="3294" status="PASS">
          <reporter-output>
          </reporter-output>
        </test-method> <!-- setUp -->
        <test-method signature="loginExel()[pri:0, instance:com.hrms.tests.LoginByExell@4b5189ac]" started-at="2021-02-10T17:03:24Z" name="loginExel" finished-at="2021-02-10T17:03:31Z" duration-ms="7289" status="PASS">
          <reporter-output>
          </reporter-output>
        </test-method> <!-- loginExel -->
      </class> <!-- com.hrms.tests.LoginByExell -->
    </test> <!-- Default test -->
  </suite> <!-- Default suite -->
</testng-results>
